Command: /home/aseel/haraka-s-hdl/src/simv -sml=verdi +fsdb+gate=off -ucli2Proc -ucli -l /home/aseel/haraka-s-hdl/src/verdiLog/sim.log
Chronologic VCS simulator copyright 1991-2022
Contains Synopsys proprietary information.
Compiler version T-2022.06-SP2_Full64; Runtime version T-2022.06-SP2_Full64;  May  3 14:13 2025

ucli% loaddl -simv /usr/synopsys/verdi/T-2022.06-SP2/share/PLI/VCS/LINUXAMD64/libnovas.so LoadFSDBDumpCmd;LoadFSDBDumpCmd
LoadFSDBDumpCmd success
ucli% config ckptfsdbcheck off;config endofsim noexit;config onfail {enable all};config followactivescope on;catch {setUcliVerdiConnected};set watch::resultTagsForVerdiBP {<ucli_break_bp_status_begin> <ucli_break_bp_status_end>};set ucliCore::support_restore_through_stask_in_verdi 1;cbug::config pretty_print auto;fsdbDumpfile {/home/aseel/haraka-s-hdl/src/inter.fsdb} ;fsdbDumpflush ; 
*Verdi* Loading libsscore_vcs202206.so
FSDB Dumper for VCS, Release Verdi_T-2022.06-SP2, Linux x86_64/64bit, 11/22/2022
(C) 1996 - 2022 by Synopsys, Inc.
*Verdi* FSDB WARNING: The FSDB file already exists. Overwriting the FSDB file may crash the programs that are using this file.
*Verdi* : Create FSDB file '/home/aseel/haraka-s-hdl/src/inter.fsdb'
*Verdi* : Flush all FSDB Files at 0 s.

ucli% stop -line 25 -file /home/aseel/haraka-s-hdl/src/deserializer.sv
1
ucli% stop -line 57 -file /home/aseel/haraka-s-hdl/src/deserializer.sv
2
ucli% stop -line 66 -file /home/aseel/haraka-s-hdl/src/deserializer.sv
3
ucli% synEnv::hasFataled
0
ucli% ucliCore::getToolPID
17234
ucli% sps_interactive
*Verdi* : Enable RPC Server(17234)

ucli% ucliCore::getToolPID
17234
ucli% ucliCore::getToolPID
17234
ucli% if {[catch {ucliCore::setFocus tool}]} {}

ucli% puts $ucliCore::nativeUcliMode
0

ucli% ucliCore::getToolTopPID
17234
ucli% pid
17258
ucli% synUtils::sendTool -active {_icl_createSharedMemory /tmp/vcs_dve_general.aseel.17234 }

ucli% if { [info vars watch::vcbp_str_len_limit_of_get_value] != ""} {set watch::vcbp_str_len_limit_of_get_value 1024}
1024
ucli% info command stateVerdiChangeCB

ucli% proc stateVerdiChangeCB args { if {$ucliGUI::state eq "terminated"} {puts "\n<VERDI_Terminated>\n";catch {setVerdiSimTerminated}}}

ucli% trace variable ucliGUI::state wu stateVerdiChangeCB

ucli% if {[catch {rename synopsys::restore verdiHack::restore} ]} {puts "0"}

ucli% proc synopsys::restore {args} { verdiHack::restore $args; puts "\n<VERDI_RESTORE>\n"}

ucli% if {[catch {rename quit verdiHack::quit} ]} {puts "0"}

ucli% proc quit {args} { if {[string length $args] == 0} { verdiHack::quit; } elseif {([string equal "-h" $args] == 1)||([string equal "-he" $args] == 1)||([string equal "-hel" $args] == 1)||([string equal "-help" $args] == 1)} { puts "\n quit           # Exit the simulation.\n \[-noprompt\]        (Exit the simulation and Verdi.)\n"} elseif {([string equal "-n" $args] == 1)||([string equal "-no" $args] == 1)||([string equal "-nop" $args] == 1)||([string equal "-nopr" $args] == 1)||([string equal "-nopro" $args] == 1)||([string equal "-noprom" $args] == 1)||([string equal "-nopromp" $args] == 1)||([string equal "-noprompt" $args] == 1)} { puts "\nVERDI_EXIT_N\n" } else { verdiHack::quit $args; } }

ucli% if {[catch {rename exit verdiHack::exit} ]} {puts "0"}

ucli% proc exit {args} { if {[string length $args] == 0} { verdiHack::exit; } elseif {([string equal "-h" $args] == 1)||([string equal "-he" $args] == 1)||([string equal "-hel" $args] == 1)||([string equal "-help" $args] == 1)} { puts "\n exit           # Exit the simulation.\n \[-noprompt\]        (Exit the simulation and Verdi.)\n"} elseif {([string equal "-n" $args] == 1)||([string equal "-no" $args] == 1)||([string equal "-nop" $args] == 1)||([string equal "-nopr" $args] == 1)||([string equal "-nopro" $args] == 1)||([string equal "-noprom" $args] == 1)||([string equal "-nopromp" $args] == 1)||([string equal "-noprompt" $args] == 1)} { puts "\nVERDI_EXIT_N\n" } else { verdiHack::exit $args; } }

ucli% proc checkpoint::beforeRecreate {} { sps_interactive }

ucli% if {[catch {ucliCore::setFocus tool}]} {}

ucli% save::getUserdefinedProcs
::stateVerdiChangeCB ::LoadFSDBDumpCmd
ucli% set ucliCore::resultTagsForVerdi [list <?special_verdi_begin?> <?special_verdi_end?>]
<?special_verdi_begin?> <?special_verdi_end?>
ucli% if {[catch {ucliCore::setFocus tool}]} {}

ucli% fsdbDumpflush 
*Verdi* : Flush all FSDB Files at 0 s.

ucli% if {[catch {ucliCore::setFocus tool}]} {}

ucli% fsdbDumpflush 
*Verdi* : Flush all FSDB Files at 0 s.

ucli% checkpoint::executionInPast 
0
ucli% if {[catch {ucliCore::setFocus tool}]} {}

ucli% senv
activeDomain: Verilog
activeFile: top.sv
activeFrame: 
activeLine: 1
activeScope: top
activeThread: 
endCol: 0
file: top.sv
frame: 
fsdbFilename: 
hasTB: 0
inputFilename: 
keyFilename: ucli.key
line: 1
logFilename: /home/aseel/haraka-s-hdl/src/verdiLog/sim.log
macroIndex: -1
macroOffset: -1
pid: 17234
scope: top
startCol: 0
state: stopped
thread: 
time: 0
timePrecision: 1 s
vcdFilename: 
vpdFilename:
ucli% synUtils::resolveSourceFilename top.sv
top.sv
ucli% puts $::ucliCore::cbug_active
0

ucli% if {[catch {ucliCore::setFocus tool}]} {}

ucli% checkpoint -list -all
There are no checkpoints present.
ucli% if {[catch {ucliCore::setFocus tool}]} {}

ucli% stop
1: -line 25 -file /home/aseel/haraka-s-hdl/src/deserializer.sv
2: -line 57 -file /home/aseel/haraka-s-hdl/src/deserializer.sv
3: -line 66 -file /home/aseel/haraka-s-hdl/src/deserializer.sv
ucli% if {[catch {ucliCore::setFocus tool}]} {}

ucli% config keepfuture on
on
ucli% synEnv::hasFataled
0
ucli% ucliCore::getToolPID
17234
ucli% config reversedebug
off
ucli% config keepfuture
on
ucli% config checkpointgenerate
0
ucli% if {[catch {ucliCore::setFocus tool}]} {}

ucli% fsdbDumpflush 
*Verdi* : Flush all FSDB Files at 0 s.

ucli% checkpoint::executionInPast 
0
ucli% if {[catch {ucliCore::setFocus tool}]} {}

ucli% senv
activeDomain: Verilog
activeFile: top.sv
activeFrame: 
activeLine: 1
activeScope: top
activeThread: 
endCol: 0
file: top.sv
frame: 
fsdbFilename: 
hasTB: 0
inputFilename: 
keyFilename: ucli.key
line: 1
logFilename: /home/aseel/haraka-s-hdl/src/verdiLog/sim.log
macroIndex: -1
macroOffset: -1
pid: 17234
scope: top
startCol: 0
state: stopped
thread: 
time: 0
timePrecision: 1 s
vcdFilename: 
vpdFilename:
ucli% synUtils::resolveSourceFilename top.sv
top.sv
ucli% puts $::ucliCore::cbug_active
0

ucli% if {[catch {ucliCore::setFocus tool}]} {}

ucli% checkpoint -list -all
There are no checkpoints present.
ucli% if {[catch {ucliCore::setFocus tool}]} {}

ucli% stop
1: -line 25 -file /home/aseel/haraka-s-hdl/src/deserializer.sv
2: -line 57 -file /home/aseel/haraka-s-hdl/src/deserializer.sv
3: -line 66 -file /home/aseel/haraka-s-hdl/src/deserializer.sv
ucli% if {[catch {ucliCore::setFocus tool}]} {}

ucli% checkpoint::executionInPast
0
ucli% finish; quit
           V C S   S i m u l a t i o n   R e p o r t 
Time: 0
CPU Time:      0.220 seconds;       Data structure size:   1.2Mb
Sat May  3 14:16:16 2025

<VERDI_Terminated>

