  CREATE_STREAM @0 {NAME:hello_message_seq T:TVM SCOPE:uvm_test_top.env.agent.sequencer STREAM:1}
BEGIN @0 {TXH:2 STREAM:1 NAME:hello_message_seq TIME=0  TYPE="Begin_No_Parent, Link" LABEL:"" DESC="Object ID: \harakas_pkg::hello_message_seq @1 (@674)
Sequencer ID: \harakas_pkg::harakas_sequencer @1 (@532)
Phase: run
"}
BEGIN @0 {TXH:3 STREAM:1 NAME:reset_s TIME=0  TYPE="Begin_End, Link" LABEL:"" DESC="Object ID: \harakas_pkg::reset_seq @1 (@679)
Sequencer ID: \harakas_pkg::harakas_sequencer @1 (@532)
Phase: N/A
"}
  LINK @0 {TXH1:2 TXH2:3 RELATION=child}
BEGIN @0 {TXH:4 STREAM:1 NAME:req TIME=0  TYPE="Begin_End, Link" LABEL:"" DESC="Object ID: \harakas_pkg::harakas_message @3 (@683)
Sequencer ID: \harakas_pkg::harakas_sequencer @1 (@532)
"}
  LINK @0 {TXH1:3 TXH2:4 RELATION=child}
  SET_ATTR @5 {TXH:4 NAME:serial_in VALUE:0   RADIX:UVM_HEX BITS=8}
  SET_ATTR @5 {TXH:4 NAME:digest_length VALUE:0   RADIX:UVM_HEX BITS=64}
  SET_ATTR @5 {TXH:4 NAME:process_input VALUE:0   RADIX:UVM_HEX BITS=1}
  SET_ATTR @5 {TXH:4 NAME:enable VALUE:0   RADIX:UVM_HEX BITS=1}
  SET_ATTR @5 {TXH:4 NAME:reset VALUE:1   RADIX:UVM_HEX BITS=1}
  SET_ATTR @5 {TXH:4 NAME:out VALUE:X   RADIX:UVM_HEX BITS=8}
  SET_ATTR @5 {TXH:4 NAME:transaction_id VALUE:1   RADIX:UVM_DEC BITS=32}
END @5 {TXH:4 TIME=0}
FREE @5 {TXH:4}
END @5 {TXH:3 TIME=0}
FREE @5 {TXH:3}
BEGIN @5 {TXH:5 STREAM:1 NAME:hello_s TIME=0  TYPE="Begin_End, Link" LABEL:"" DESC="Object ID: \harakas_pkg::send_hello_seq @1 (@720)
Sequencer ID: \harakas_pkg::harakas_sequencer @1 (@532)
Phase: N/A
"}
  LINK @5 {TXH1:2 TXH2:5 RELATION=child}
BEGIN @5 {TXH:6 STREAM:1 NAME:req TIME=0  TYPE="Begin_End, Link" LABEL:"" DESC="Object ID: \harakas_pkg::harakas_message @6 (@724)
Sequencer ID: \harakas_pkg::harakas_sequencer @1 (@532)
"}
  LINK @5 {TXH1:5 TXH2:6 RELATION=child}
  SET_ATTR @15 {TXH:6 NAME:serial_in VALUE:72   RADIX:UVM_HEX BITS=8}
  SET_ATTR @15 {TXH:6 NAME:digest_length VALUE:32   RADIX:UVM_HEX BITS=64}
  SET_ATTR @15 {TXH:6 NAME:process_input VALUE:1   RADIX:UVM_HEX BITS=1}
  SET_ATTR @15 {TXH:6 NAME:enable VALUE:1   RADIX:UVM_HEX BITS=1}
  SET_ATTR @15 {TXH:6 NAME:reset VALUE:0   RADIX:UVM_HEX BITS=1}
  SET_ATTR @15 {TXH:6 NAME:out VALUE:X   RADIX:UVM_HEX BITS=8}
  SET_ATTR @15 {TXH:6 NAME:transaction_id VALUE:1   RADIX:UVM_DEC BITS=32}
END @15 {TXH:6 TIME=0}
FREE @15 {TXH:6}
BEGIN @15 {TXH:7 STREAM:1 NAME:req TIME=0  TYPE="Begin_End, Link" LABEL:"" DESC="Object ID: \harakas_pkg::harakas_message @10 (@740)
Sequencer ID: \harakas_pkg::harakas_sequencer @1 (@532)
"}
  LINK @15 {TXH1:5 TXH2:7 RELATION=child}
  SET_ATTR @25 {TXH:7 NAME:serial_in VALUE:101   RADIX:UVM_HEX BITS=8}
  SET_ATTR @25 {TXH:7 NAME:digest_length VALUE:32   RADIX:UVM_HEX BITS=64}
  SET_ATTR @25 {TXH:7 NAME:process_input VALUE:1   RADIX:UVM_HEX BITS=1}
  SET_ATTR @25 {TXH:7 NAME:enable VALUE:1   RADIX:UVM_HEX BITS=1}
  SET_ATTR @25 {TXH:7 NAME:reset VALUE:0   RADIX:UVM_HEX BITS=1}
  SET_ATTR @25 {TXH:7 NAME:out VALUE:X   RADIX:UVM_HEX BITS=8}
  SET_ATTR @25 {TXH:7 NAME:transaction_id VALUE:2   RADIX:UVM_DEC BITS=32}
END @25 {TXH:7 TIME=0}
FREE @25 {TXH:7}
BEGIN @25 {TXH:8 STREAM:1 NAME:req TIME=0  TYPE="Begin_End, Link" LABEL:"" DESC="Object ID: \harakas_pkg::harakas_message @14 (@756)
Sequencer ID: \harakas_pkg::harakas_sequencer @1 (@532)
"}
  LINK @25 {TXH1:5 TXH2:8 RELATION=child}
  SET_ATTR @35 {TXH:8 NAME:serial_in VALUE:108   RADIX:UVM_HEX BITS=8}
  SET_ATTR @35 {TXH:8 NAME:digest_length VALUE:32   RADIX:UVM_HEX BITS=64}
  SET_ATTR @35 {TXH:8 NAME:process_input VALUE:1   RADIX:UVM_HEX BITS=1}
  SET_ATTR @35 {TXH:8 NAME:enable VALUE:1   RADIX:UVM_HEX BITS=1}
  SET_ATTR @35 {TXH:8 NAME:reset VALUE:0   RADIX:UVM_HEX BITS=1}
  SET_ATTR @35 {TXH:8 NAME:out VALUE:X   RADIX:UVM_HEX BITS=8}
  SET_ATTR @35 {TXH:8 NAME:transaction_id VALUE:3   RADIX:UVM_DEC BITS=32}
END @35 {TXH:8 TIME=0}
FREE @35 {TXH:8}
BEGIN @35 {TXH:9 STREAM:1 NAME:req TIME=0  TYPE="Begin_End, Link" LABEL:"" DESC="Object ID: \harakas_pkg::harakas_message @18 (@772)
Sequencer ID: \harakas_pkg::harakas_sequencer @1 (@532)
"}
  LINK @35 {TXH1:5 TXH2:9 RELATION=child}
  SET_ATTR @45 {TXH:9 NAME:serial_in VALUE:108   RADIX:UVM_HEX BITS=8}
  SET_ATTR @45 {TXH:9 NAME:digest_length VALUE:32   RADIX:UVM_HEX BITS=64}
  SET_ATTR @45 {TXH:9 NAME:process_input VALUE:1   RADIX:UVM_HEX BITS=1}
  SET_ATTR @45 {TXH:9 NAME:enable VALUE:1   RADIX:UVM_HEX BITS=1}
  SET_ATTR @45 {TXH:9 NAME:reset VALUE:0   RADIX:UVM_HEX BITS=1}
  SET_ATTR @45 {TXH:9 NAME:out VALUE:X   RADIX:UVM_HEX BITS=8}
  SET_ATTR @45 {TXH:9 NAME:transaction_id VALUE:4   RADIX:UVM_DEC BITS=32}
END @45 {TXH:9 TIME=0}
FREE @45 {TXH:9}
BEGIN @45 {TXH:10 STREAM:1 NAME:req TIME=0  TYPE="Begin_End, Link" LABEL:"" DESC="Object ID: \harakas_pkg::harakas_message @22 (@788)
Sequencer ID: \harakas_pkg::harakas_sequencer @1 (@532)
"}
  LINK @45 {TXH1:5 TXH2:10 RELATION=child}
  SET_ATTR @55 {TXH:10 NAME:serial_in VALUE:111   RADIX:UVM_HEX BITS=8}
  SET_ATTR @55 {TXH:10 NAME:digest_length VALUE:32   RADIX:UVM_HEX BITS=64}
  SET_ATTR @55 {TXH:10 NAME:process_input VALUE:1   RADIX:UVM_HEX BITS=1}
  SET_ATTR @55 {TXH:10 NAME:enable VALUE:1   RADIX:UVM_HEX BITS=1}
  SET_ATTR @55 {TXH:10 NAME:reset VALUE:0   RADIX:UVM_HEX BITS=1}
  SET_ATTR @55 {TXH:10 NAME:out VALUE:X   RADIX:UVM_HEX BITS=8}
  SET_ATTR @55 {TXH:10 NAME:transaction_id VALUE:5   RADIX:UVM_DEC BITS=32}
END @55 {TXH:10 TIME=0}
FREE @55 {TXH:10}
END @55 {TXH:5 TIME=0}
FREE @55 {TXH:5}
BEGIN @55 {TXH:11 STREAM:1 NAME:reset_s TIME=0  TYPE="Begin_End, Link" LABEL:"" DESC="Object ID: \harakas_pkg::reset_seq @2 (@804)
Sequencer ID: \harakas_pkg::harakas_sequencer @1 (@532)
Phase: N/A
"}
  LINK @55 {TXH1:2 TXH2:11 RELATION=child}
BEGIN @55 {TXH:12 STREAM:1 NAME:req TIME=0  TYPE="Begin_End, Link" LABEL:"" DESC="Object ID: \harakas_pkg::harakas_message @26 (@808)
Sequencer ID: \harakas_pkg::harakas_sequencer @1 (@532)
"}
  LINK @55 {TXH1:11 TXH2:12 RELATION=child}
  SET_ATTR @65 {TXH:12 NAME:serial_in VALUE:0   RADIX:UVM_HEX BITS=8}
  SET_ATTR @65 {TXH:12 NAME:digest_length VALUE:0   RADIX:UVM_HEX BITS=64}
  SET_ATTR @65 {TXH:12 NAME:process_input VALUE:0   RADIX:UVM_HEX BITS=1}
  SET_ATTR @65 {TXH:12 NAME:enable VALUE:0   RADIX:UVM_HEX BITS=1}
  SET_ATTR @65 {TXH:12 NAME:reset VALUE:1   RADIX:UVM_HEX BITS=1}
  SET_ATTR @65 {TXH:12 NAME:out VALUE:X   RADIX:UVM_HEX BITS=8}
  SET_ATTR @65 {TXH:12 NAME:transaction_id VALUE:1   RADIX:UVM_DEC BITS=32}
END @65 {TXH:12 TIME=0}
FREE @65 {TXH:12}
END @65 {TXH:11 TIME=0}
FREE @65 {TXH:11}
END @75 {TXH:2 TIME=0}
FREE @75 {TXH:2}
