#######################################################################################
# log primitive debug message of FSDB dumping                                         #
# This is for R&D to analyze when there are issues happening when FSDB dump           #
#######################################################################################
ANF: vcsd_get_serial_mode_status('./simv: undefined symbol: vcsd_get_serial_mode_status')
ANF: vcsd_enable_sva_success_callback('./simv: undefined symbol: vcsd_enable_sva_success_callback')
ANF: vcsd_disable_sva_success_callback('./simv: undefined symbol: vcsd_disable_sva_success_callback')
ANF: vcsd_get_power_scope_name('./simv: undefined symbol: vcsd_get_power_scope_name')
ANF: vcsd_begin_no_value_var_info('./simv: undefined symbol: vcsd_begin_no_value_var_info')
ANF: vcsd_end_no_value_var_info('./simv: undefined symbol: vcsd_end_no_value_var_info')
ANF: vcsd_remove_xprop_merge_mode_callback('./simv: undefined symbol: vcsd_remove_xprop_merge_mode_callback')
ANF: vhpi_get_cb_info('./simv: undefined symbol: vhpi_get_cb_info')
ANF: vhpi_free_handle('./simv: undefined symbol: vhpi_free_handle')
ANF: vhpi_fetch_vcsd_handle('./simv: undefined symbol: vhpi_fetch_vcsd_handle')
ANF: vhpi_fetch_vpi_handle('./simv: undefined symbol: vhpi_fetch_vpi_handle')
ANF: vhpi_has_verilog_parent('./simv: undefined symbol: vhpi_has_verilog_parent')
ANF: vhpi_is_verilog_scope('./simv: undefined symbol: vhpi_is_verilog_scope')
ANF: scsd_xprop_is_enabled('./simv: undefined symbol: scsd_xprop_is_enabled')
ANF: scsd_xprop_sig_is_promoted('./simv: undefined symbol: scsd_xprop_sig_is_promoted')
ANF: scsd_xprop_int_xvalue('./simv: undefined symbol: scsd_xprop_int_xvalue')
ANF: scsd_xprop_bool_xvalue('./simv: undefined symbol: scsd_xprop_bool_xvalue')
ANF: scsd_xprop_enum_xvalue('./simv: undefined symbol: scsd_xprop_enum_xvalue')
ANF: scsd_xprop_register_merge_mode_cb('./simv: undefined symbol: scsd_xprop_register_merge_mode_cb')
ANF: scsd_xprop_delete_merge_mode_cb('./simv: undefined symbol: scsd_xprop_delete_merge_mode_cb')
ANF: scsd_xprop_get_merge_mode('./simv: undefined symbol: scsd_xprop_get_merge_mode')
ANF: scsd_thread_get_info('./simv: undefined symbol: scsd_thread_get_info')
ANF: scsd_thread_vc_init('./simv: undefined symbol: scsd_thread_vc_init')
ANF: scsd_master_set_delta_sync_cbk('./simv: undefined symbol: scsd_master_set_delta_sync_cbk')
ANF: scsd_fgp_get_fsdb_cores('./simv: undefined symbol: scsd_fgp_get_fsdb_cores')
ANF: scsd_fgp_get_is_cpu_affinity_disabled('./simv: undefined symbol: scsd_fgp_get_is_cpu_affinity_disabled')
ANF: vhdi_dt_get_type('./simv: undefined symbol: vhdi_dt_get_type')
ANF: vhdi_dt_get_key('./simv: undefined symbol: vhdi_dt_get_key')
ANF: vhdi_dt_get_vhdl_enum_info('./simv: undefined symbol: vhdi_dt_get_vhdl_enum_info')
ANF: vhdi_dt_get_vhdl_physical_info('./simv: undefined symbol: vhdi_dt_get_vhdl_physical_info')
ANF: vhdi_dt_get_vhdl_array_info('./simv: undefined symbol: vhdi_dt_get_vhdl_array_info')
ANF: vhdi_dt_get_vhdl_record_info('./simv: undefined symbol: vhdi_dt_get_vhdl_record_info')
ANF: vhdi_dt_get_vhdl_integer_range_info('./simv: undefined symbol: vhdi_dt_get_vhdl_integer_range_info')
ANF: vhdi_def_traverse_module('./simv: undefined symbol: vhdi_def_traverse_module')
ANF: vhdi_def_traverse_scope('./simv: undefined symbol: vhdi_def_traverse_scope')
ANF: vhdi_def_traverse_variable('./simv: undefined symbol: vhdi_def_traverse_variable')
ANF: vhdi_def_get_module_id_by_vhpi('./simv: undefined symbol: vhdi_def_get_module_id_by_vhpi')
ANF: vhdi_def_get_handle_by_module_id('./simv: undefined symbol: vhdi_def_get_handle_by_module_id')
ANF: vhdi_def_get_variable_info_by_vhpi('./simv: undefined symbol: vhdi_def_get_variable_info_by_vhpi')
ANF: vhdi_def_free('./simv: undefined symbol: vhdi_def_free')
ANF: vhdi_ist_traverse_scope('./simv: undefined symbol: vhdi_ist_traverse_scope')
ANF: vhdi_ist_traverse_variable('./simv: undefined symbol: vhdi_ist_traverse_variable')
ANF: vhdi_ist_convert_by_vhpi('./simv: undefined symbol: vhdi_ist_convert_by_vhpi')
ANF: vhdi_ist_clone('./simv: undefined symbol: vhdi_ist_clone')
ANF: vhdi_ist_free('./simv: undefined symbol: vhdi_ist_free')
ANF: vhdi_ist_hash_key('./simv: undefined symbol: vhdi_ist_hash_key')
ANF: vhdi_ist_compare('./simv: undefined symbol: vhdi_ist_compare')
ANF: vhdi_ist_get_value_addr('./simv: undefined symbol: vhdi_ist_get_value_addr')
ANF: vhdi_set_scsd_callback('./simv: undefined symbol: vhdi_set_scsd_callback')
ANF: vhdi_cbk_set_force_callback('./simv: undefined symbol: vhdi_cbk_set_force_callback')
ANF: vhdi_trigger_init_force('./simv: undefined symbol: vhdi_trigger_init_force')
ANF: vhdi_ist_check_scsd_callback('./simv: undefined symbol: vhdi_ist_check_scsd_callback')
ANF: vhdi_ist_add_scsd_callback('./simv: undefined symbol: vhdi_ist_add_scsd_callback')
ANF: vhdi_ist_remove_scsd_callback('./simv: undefined symbol: vhdi_ist_remove_scsd_callback')
ANF: vhdi_ist_get_scsd_user_data('./simv: undefined symbol: vhdi_ist_get_scsd_user_data')
ANF: vhdi_add_time_change_callback('./simv: undefined symbol: vhdi_add_time_change_callback')
ANF: vhdi_get_real_value_by_value_addr('./simv: undefined symbol: vhdi_get_real_value_by_value_addr')
ANF: vhdi_get_64_value_by_value_addr('./simv: undefined symbol: vhdi_get_64_value_by_value_addr')
ANF: vhdi_xprop_inst_is_promoted('./simv: undefined symbol: vhdi_xprop_inst_is_promoted')
ANF: vdi_ist_convert_by_vhdi('./simv: undefined symbol: vdi_ist_convert_by_vhdi')
ANF: vhdi_ist_get_module_id('./simv: undefined symbol: vhdi_ist_get_module_id')
ANF: vhdi_refine_foreign_scope_type('./simv: undefined symbol: vhdi_refine_foreign_scope_type')
ANF: vhdi_flush_callback('./simv: undefined symbol: vhdi_flush_callback')
ANF: vhdi_set_orig_name('./simv: undefined symbol: vhdi_set_orig_name')
ANF: vhdi_set_dump_pt('./simv: undefined symbol: vhdi_set_dump_pt')
ANF: vhdi_set_int_subtype('./simv: undefined symbol: vhdi_set_int_subtype')
ANF: vhdi_get_fsdb_option('./simv: undefined symbol: vhdi_get_fsdb_option')
ANF: vhdi_fgp_get_mode('./simv: undefined symbol: vhdi_fgp_get_mode')
ANF: vhdi_node_register_composite_var('./simv: undefined symbol: vhdi_node_register_composite_var')
ANF: vhdi_node_analysis('./simv: undefined symbol: vhdi_node_analysis')
ANF: vhdi_node_id('./simv: undefined symbol: vhdi_node_id')
ANF: vhdi_node_ist_check_scsd_callback('./simv: undefined symbol: vhdi_node_ist_check_scsd_callback')
ANF: vhdi_node_ist_add_scsd_callback('./simv: undefined symbol: vhdi_node_ist_add_scsd_callback')
ANF: vhdi_node_ist_get_value_addr('./simv: undefined symbol: vhdi_node_ist_get_value_addr')
ANF: vhdi_enc_def_traverse_module('./simv: undefined symbol: vhdi_enc_def_traverse_module')
ANF: vhdi_enc_def_traverse_scope('./simv: undefined symbol: vhdi_enc_def_traverse_scope')
ANF: vhdi_enc_def_traverse_variable('./simv: undefined symbol: vhdi_enc_def_traverse_variable')
ANF: vhdi_enc_ist_traverse_scope('./simv: undefined symbol: vhdi_enc_ist_traverse_scope')
ANF: vhdi_enc_ist_traverse_variable('./simv: undefined symbol: vhdi_enc_ist_traverse_variable')
ANF: vhdi_enc_ist_get_module_id('./simv: undefined symbol: vhdi_enc_ist_get_module_id')
ANF: vhdi_enc_def_get_handle_by_module_id('./simv: undefined symbol: vhdi_enc_def_get_handle_by_module_id')
VCS compile option:
 option[0]: ./simv
 option[1]: /usr/synopsys/vcs/T-2022.06-SP2/linux64/bin/vcs1
 option[2]: -Mcc=gcc
 option[3]: -Mcplusplus=g++
 option[4]: -Masflags=
 option[5]: -Mcfl= -pipe -fPIC -O -I/usr/synopsys/vcs/T-2022.06-SP2/include 
 option[6]: -Mxllcflags=
 option[7]: -Mxcflags= -pipe -fPIC -I/usr/synopsys/vcs/T-2022.06-SP2/include
 option[8]: -Mldflags= -rdynamic 
 option[9]: -Mout=simv
 option[10]: -Mamsrun=
 option[11]: -Mvcsaceobjs=
 option[12]: -Mobjects= /usr/synopsys/vcs/T-2022.06-SP2/linux64/lib/libvirsim.so /usr/synopsys/vcs/T-2022.06-SP2/linux64/lib/liberrorinf.so /usr/synopsys/vcs/T-2022.06-SP2/linux64/lib/libsnpsmalloc.so /usr/synopsys/vcs/T-2022.06-SP2/linux64/lib/libvfs.so 
 option[13]: -Mexternalobj=
 option[14]: -Msaverestoreobj=/usr/synopsys/vcs/T-2022.06-SP2/linux64/lib/vcs_save_restore_new.o
 option[15]: -Mcrt0=
 option[16]: -Mcrtn=
 option[17]: -Mcsrc=
 option[18]: -Msyslibs=/usr/synopsys/verdi/T-2022.06-SP2/share/PLI/VCS/LINUX64/pli.a -ldl 
 option[19]: -full64
 option[20]: -lca
 option[21]: -kdb
 option[22]: -Xufe=2steps
 option[23]: -debug_access+all+reverse
 option[24]: +vpi
 option[25]: +vcsd1
 option[26]: +itf+/usr/synopsys/vcs/T-2022.06-SP2/linux64/lib/vcsdp_lite.tab
 option[27]: -o
 option[28]: simv
 option[29]: -picarchive
 option[30]: -P
 option[31]: /usr/synopsys/verdi/T-2022.06-SP2/share/PLI/VCS/LINUX64/verdi.tab
 option[32]: -fsdb
 option[33]: -sverilog
 option[34]: -gen_obj
 option[35]: top.sv
 option[36]: deserializer.sv
 option[37]: serializer.sv
 option[38]: Mux512.sv
 option[39]: QuadAes.sv
 option[40]: Aes.sv
 option[41]: S_box.sv
 option[42]: Register.sv
 option[43]: ShiftRows.sv
 option[44]: MixColumns.sv
 option[45]: AddRC.sv
 option[46]: Mix512.sv
 option[47]: Demux512.sv
 option[48]: Haraka.sv
 option[49]: Haraka_S.sv
 option[50]: -load
 option[51]: /usr/synopsys/verdi/T-2022.06-SP2/share/PLI/VCS/LINUX64/libnovas.so:FSDBDumpCmd
Chronologic Simulation VCS Release T-2022.06-SP2_Full64
Linux 3.10.0-1160.83.1.el7.x86_64 #1 SMP Mon Dec 19 10:44:06 UTC 2022 x86_64
CPU cores: 56
Limit information:
======================================
cputime		unlimited
filesize		unlimited
datasize		unlimited
stacksize		8194 kbytes
coredumpsize		0 kbytes
memoryuse		unlimited
vmemoryuse		unlimited
descriptors		4096
memorylocked		64 kbytes
maxproc		4096
======================================
(Special)Runtime environment variables:

Runtime environment variables:
SYNOPSYS_LC_ROOT=/usr/synopsys/prime/U-2022.12-SP5/libraries/syn
VNCDESKTOP=synopsys.stbzu.edu:2 (aseel)
SSH_AGENT_PID=46357
XDG_SESSION_ID=3749
HOSTNAME=synopsys.stbzu.edu
VTE_VERSION=5204
TERM=xterm-256color
SHELL=/bin/bash
XDG_MENU_PREFIX=gnome-
HISTSIZE=1000
SSH_CLIENT=82.205.36.131 49490 22
GJS_DEBUG_OUTPUT=stderr
GNOME_TERMINAL_SCREEN=/org/gnome/Terminal/screen/8d9450c7_5f38_421e_b39b_910e8bcc1e44
VCS_TARGET_ARCH=linux64
GJS_DEBUG_TOPICS=JS ERROR;JS LOG
SAED14_PDK=/usr/synopsys/saed/SAED14nm_PDK_12142021/SAED14_PDK
SSH_TTY=/dev/pts/1
USER=aseel
LD_LIBRARY_PATH=/usr/synopsys/verdi/T-2022.06-SP2/share/PLI/VCS/linux64
LS_COLORS=rs=0:di=38;5;27:ln=38;5;51:mh=44;38;5;15:pi=40;38;5;11:so=38;5;13:do=38;5;5:bd=48;5;232;38;5;11:cd=48;5;232;38;5;3:or=48;5;232;38;5;9:mi=05;48;5;232;38;5;15:su=48;5;196;38;5;15:sg=48;5;11;38;5;16:ca=48;5;196;38;5;226:tw=48;5;10;38;5;16:ow=48;5;10;38;5;21:st=48;5;21;38;5;15:ex=38;5;34:*.tar=38;5;9:*.tgz=38;5;9:*.arc=38;5;9:*.arj=38;5;9:*.taz=38;5;9:*.lha=38;5;9:*.lz4=38;5;9:*.lzh=38;5;9:*.lzma=38;5;9:*.tlz=38;5;9:*.txz=38;5;9:*.tzo=38;5;9:*.t7z=38;5;9:*.zip=38;5;9:*.z=38;5;9:*.Z=38;5;9:*.dz=38;5;9:*.gz=38;5;9:*.lrz=38;5;9:*.lz=38;5;9:*.lzo=38;5;9:*.xz=38;5;9:*.bz2=38;5;9:*.bz=38;5;9:*.tbz=38;5;9:*.tbz2=38;5;9:*.tz=38;5;9:*.deb=38;5;9:*.rpm=38;5;9:*.jar=38;5;9:*.war=38;5;9:*.ear=38;5;9:*.sar=38;5;9:*.rar=38;5;9:*.alz=38;5;9:*.ace=38;5;9:*.zoo=38;5;9:*.cpio=38;5;9:*.7z=38;5;9:*.rz=38;5;9:*.cab=38;5;9:*.jpg=38;5;13:*.jpeg=38;5;13:*.gif=38;5;13:*.bmp=38;5;13:*.pbm=38;5;13:*.pgm=38;5;13:*.ppm=38;5;13:*.tga=38;5;13:*.xbm=38;5;13:*.xpm=38;5;13:*.tif=38;5;13:*.tiff=38;5;13:*.png=38;5;13:*.svg=38;5;13:*.svgz=38;5;13:*.mng=38;5;13:*.pcx=38;5;13:*.mov=38;5;13:*.mpg=38;5;13:*.mpeg=38;5;13:*.m2v=38;5;13:*.mkv=38;5;13:*.webm=38;5;13:*.ogm=38;5;13:*.mp4=38;5;13:*.m4v=38;5;13:*.mp4v=38;5;13:*.vob=38;5;13:*.qt=38;5;13:*.nuv=38;5;13:*.wmv=38;5;13:*.asf=38;5;13:*.rm=38;5;13:*.rmvb=38;5;13:*.flc=38;5;13:*.avi=38;5;13:*.fli=38;5;13:*.flv=38;5;13:*.gl=38;5;13:*.dl=38;5;13:*.xcf=38;5;13:*.xwd=38;5;13:*.yuv=38;5;13:*.cgm=38;5;13:*.emf=38;5;13:*.axv=38;5;13:*.anx=38;5;13:*.ogv=38;5;13:*.ogx=38;5;13:*.aac=38;5;45:*.au=38;5;45:*.flac=38;5;45:*.mid=38;5;45:*.midi=38;5;45:*.mka=38;5;45:*.mp3=38;5;45:*.mpc=38;5;45:*.ogg=38;5;45:*.ra=38;5;45:*.wav=38;5;45:*.axa=38;5;45:*.oga=38;5;45:*.spx=38;5;45:*.xspf=38;5;45:
GNOME_TERMINAL_SERVICE=:1.115
SSH_AUTH_SOCK=/run/user/781/keyring/ssh
SNPSLMD_LICENSE_FILE=27020@synopsys.stbzu.edu
SESSION_MANAGER=local/unix:@/tmp/.ICE-unix/46318,unix/unix:/tmp/.ICE-unix/46318
CORETOOLS=/usr/synopsys/coretools/N-2017.12
ICC_ROOT=/usr/synopsys/icc2/U-2022.12-SP5
GNOME_SHELL_SESSION_MODE=classic
PATH=/usr/local/bin:/usr/bin:/usr/local/sbin:/usr/sbin:/var/lib/snapd/snap/bin:/usr/synopsys/scl/2021.03/linux64/bin:/usr/synopsys/vcs/T-2022.06-SP2/bin:/usr/synopsys/verdi/T-2022.06-SP2/bin:/usr/synopsys/icc/M-2016.12/bin:/usr/synopsys/syn/R-2020.09-SP5-5/bin:/usr/synopsys/coretools/N-2017.12/bin:/usr/synopsys/icc2/U-2022.12-SP5/bin:/usr/synopsys/starrc/U-2022.12-SP5/bin:/usr/synopsys/idq/R-2020.09-SP5-5/bin:/usr/synopsys/ufe_optional_spyglass-vcs/R-2020.12-SP2-12/SPYGLASS_HOME/bin:/usr/synopsys/syn/R-2020.09-SP5-5/bin:/usr/synopsys/txs/R-2020.09-SP5-5/bin:/usr/synopsys/fm/U-2022.12-SP1/bin:/usr/synopsys/prime/U-2022.12-SP5/bin:/bin:/usr/synopsys/fusioncompiler/U-2022.12-SP5/bin:/usr/synopsys/icvalidator/U-2022.12-SP3/bin:/usr/synopsys/lc/R-2020.09-SP5/bin:/home/aseel/.local/bin:/home/aseel/bin:/usr/synopsys/scl/2021.03/linux64/bin:/usr/synopsys/vcs/T-2022.06-SP2/bin:/usr/synopsys/verdi/T-2022.06-SP2/bin:/usr/synopsys/icc/M-2016.12/bin:/usr/synopsys/syn/R-2020.09-SP5-5/bin:/usr/synopsys/coretools/N-2017.12/bin:/usr/synopsys/icc2/U-2022.12-SP5/bin:/usr/synopsys/starrc/U-2022.12-SP5/bin:/usr/synopsys/idq/R-2020.09-SP5-5/bin:/usr/synopsys/ufe_optional_spyglass-vcs/R-2020.12-SP2-12/SPYGLASS_HOME/bin:/usr/synopsys/syn/R-2020.09-SP5-5/bin:/usr/synopsys/txs/R-2020.09-SP5-5/bin:/usr/synopsys/fm/U-2022.12-SP1/bin:/usr/synopsys/prime/U-2022.12-SP5/bin:/bin:/usr/synopsys/fusioncompiler/U-2022.12-SP5/bin:/usr/synopsys/icvalidator/U-2022.12-SP3/bin:/usr/synopsys/lc/R-2020.09-SP5/bin
MAIL=/var/spool/mail/aseel
QT_IM_MODULE=ibus
VERDI_HOME=/usr/synopsys/verdi/T-2022.06-SP2
PWD=/home/aseel/haraka-s-hdl/src
XMODIFIERS=@im=ibus
VCS_HOME=/usr/synopsys/vcs/T-2022.06-SP2
LANG=en_US.UTF-8
SYNOPSYS=/usr/synopsys/syn/R-2020.09-SP5-5
HISTCONTROL=ignoredups
SYN_INSTALLER=/usr/synopsys/Installer5_5
HOME=/home/aseel
SHLVL=4
SYNOPSYS1=/usr/synopsys
GNOME_DESKTOP_SESSION_ID=this-is-deprecated
CDESIGNER=/usr/synopsys/syn/R-2020.09-SP5-5
LOGNAME=aseel
CVS_RSH=ssh
XDG_DATA_DIRS=/home/aseel/.local/share/flatpak/exports/share:/var/lib/flatpak/exports/share:/usr/local/share:/usr/share:/var/lib/snapd/desktop
DBUS_SESSION_BUS_ADDRESS=unix:abstract=/tmp/dbus-WihwjAoAvl,guid=3d50b616778629d66f97af4068132def
SSH_CONNECTION=82.205.36.131 49490 172.16.2.21 22
LESSOPEN=||/usr/bin/lesspipe.sh %s
XDG_RUNTIME_DIR=/run/user/781
DISPLAY=:2
XDG_CURRENT_DESKTOP=GNOME
SCL_ROOT=/usr/synopsys/scl/2021.03
COLORTERM=truecolor
OLDPWD=/home/aseel/haraka-s-hdl
_=./simv
VCS_PATHMAP_PRELOAD_DONE=1
VCS_STACK_EXEC=true
VCS_EXEC_DONE=1
LC_ALL=C
DVE=/usr/synopsys/vcs/T-2022.06-SP2/gui/dve
SPECMAN_OUTPUT_TO_TTY=1
FLEXLM_BORROWFILE=/home/aseel/.synopsys.stbzu.edu-borrow.txt
Runtime command line arguments:
argv[0]=./simv
222 profile - 100
          CPU/Mem usage: 0.060 sys,  0.300 user,  261.62M mem
223 Elapsed time:    0:00:01    Sat May  3 16:16:55 2025
224 User CPU time used: 0 seconds
225 System CPU time used: 0 seconds
226 pliAppInit
227 [SC]Init: MemoryConsumed=0.00MB ElapsedTime=0hour 0min. 0sec.
228 FSDB_GATE is set.
229 FSDB_RTL is set.
230 FSDB_ALIAS_ARRAY_ELEM is set to 4294967295.
231 Enable Parallel Dumping.
232 pliAppMiscSet: New Sim Round
233 pliEntryInit
234 LIBSSCORE=found /usr/synopsys/verdi/T-2022.06-SP2/share/PLI/lib/LINUXAMD64/libsscore_vcs202206.so through $NOVAS_HOME setting.
235 FSDB Dumper for VCS, Release Verdi_T-2022.06-SP2, Linux x86_64/64bit, 11/22/2022
236 (C) 1996 - 2022 by Synopsys, Inc.
237 sps_call_fsdbDumpfile_main at 0 : top.sv(29)
238 argv[0]: (simv.fsdb)
239 *Verdi* FSDB WARNING: The FSDB file already exists. Overwriting the FSDB file may crash the programs that are using this file.
240 *Verdi* : Create FSDB file 'simv.fsdb'
241 [spi_vcs_vd_ppi_create_root]: no upf option
242 compile option from '/home/aseel/haraka-s-hdl/src/simv.daidir/vcs_rebuild'.
243   "vcs '-full64' '-sverilog' '-lca' '-kdb' '-debug_access+all+reverse' 'top.sv' 'deserializer.sv' 'serializer.sv' 'Mux512.sv' 'QuadAes.sv' 'Aes.sv' 'S_box.sv' 'Register.sv' 'ShiftRows.sv' 'MixColumns.sv' 'AddRC.sv' 'Mix512.sv' 'Demux512.sv' 'Haraka.sv' 'Haraka_S.sv' '-o' 'simv' 2>&1"
244 DVDI_is_vir_unload_enabled is enable
245 FSDB_VCS_ENABLE_NATIVE_VC is enable
246 sps_call_fsdbDumpvars_vd_main at 0 : top.sv(30)
247 argv[0]: (0)
248 argv[1]: (handle) top
249 *Verdi* : Begin traversing the scope (top), layer (0).
250 *Verdi* : End of traversing.
251 pliAppHDL_DumpVarComplete traverse var: profile - 
          CPU/Mem usage: 0.080 sys,  0.400 user,  361.53M mem
                   incr: 0.000 sys,  0.100 user,  7.49M mem
                   accu: 0.000 sys,  0.100 user,  7.49M mem
              accu incr: 0.000 sys,  0.100 user,  7.49M mem

          Count usage: 30160 var,  20079 idcode,  1765 callback
                 incr: 30160 var,  20079 idcode,  1765 callback
                 accu: 30160 var,  20079 idcode,  1765 callback
            accu incr: 30160 var,  20079 idcode,  1765 callback
252 Elapsed time:    0:00:01    Sat May  3 16:16:55 2025
253 User CPU time used: 0 seconds
254 System CPU time used: 0 seconds
255 pliAppHDL_DumpVarComplete: profile - 
          CPU/Mem usage: 0.080 sys,  0.400 user,  362.59M mem
                   incr: 0.000 sys,  0.000 user,  1.05M mem
                   accu: 0.000 sys,  0.100 user,  8.54M mem
              accu incr: 0.000 sys,  0.000 user,  1.05M mem

          Count usage: 30160 var,  20079 idcode,  1765 callback
                 incr: 0 var,  0 idcode,  0 callback
                 accu: 30160 var,  20079 idcode,  1765 callback
            accu incr: 0 var,  0 idcode,  0 callback
256 Elapsed time:    0:00:01    Sat May  3 16:16:55 2025
257 User CPU time used: 0 seconds
258 System CPU time used: 0 seconds
259 End of simulation at 475
260 Memory usage: 362.586 M
261 Maximum resident set size: 159 MB
262 Hard page faults: 0
263 Soft page faults: 26273
264 Elapsed time:    0:00:01    Sat May  3 16:16:55 2025
265 User CPU time used: 0 seconds
266 System CPU time used: 0 seconds
267 Begin FSDB profile info:
268 FSDB Writer : bc1(5755) bcn(43742) mtf/stf(0/0)
FSDB Writer elapsed time : flush(0.011459) io wait(0.000000) theadpool wait(0.000000)
FSDB Writer cpu time : MT Compression : 0
269 End FSDB profile info
270 FSDB closed. Name: simv.fsdb Size: 220563
271 Parallel profile     - ProducerThread:1 ConsumerThread:1 Buffer:64MB
272                      - BlockUsed:1 Acquire:47827 BufferUsed:755947
273                      - Flush:3 Expand:0 ProducerWait:0 ConsumerWait:0
274                      - MainProducerTime:0.551930743 TotalConsumerTime:0.000000000
275                      - ElapsedTime:0.180548000
276 Producer   0 profile - BlockUsed:1 Acquire:47827 BufferUsed:755947
277 Consumer   0 profile - Affinity:-1 CPUTime:0.000000000 LifeTime:0.000000000 (-nan%)
278                      - BlockUsed:1 Acquire:47827 BufferUsed:755947
279 SimExit
280 Elapsed time:    0:00:01    Sat May  3 16:16:55 2025
281 User CPU time used: 0 seconds
282 System CPU time used: 0 seconds
283 Sim process exit
